<?xml version="1.0" encoding="UTF-8"?>
<testsuite xmlns:xsi="http://www.w3.org/2001/XMLSchema-instance" xsi:noNamespaceSchemaLocation="https://maven.apache.org/surefire/maven-surefire-plugin/xsd/surefire-test-report.xsd" name="TestRunner.TestRunner" time="14.902" tests="2" errors="1" skipped="0" failures="0">
  <properties>
[...]
</properties>
  <testcase name="Launching  the Guardian website" classname="Validating The Guardian Article" time="4.865"/>
  <testcase name="Validation of the First article from Guardian against other source" classname="Validating The Guardian Article" time="8.36">
    <error message="element click intercepted: Element &lt;a class=&quot;hide-focus-ring&quot; href=&quot;/search?q=Brighton+v+Crystal+Palace:+Premier+League+%E2%80%93+live!&amp;amp;source=lnms&amp;amp;tbm=nws&amp;amp;sa=X&amp;amp;ved=2ahUKEwiD4-yNtv7uAhXwUhUIHYF2DysQ_AUoAXoECAYQAw&quot;&gt;...&lt;/a&gt; is not clickable at point (266, 97). Other element would receive the click: &lt;iframe src=&quot;https://consent.google.com?hl=en-GB&amp;amp;origin=https://www.google.com&amp;amp;continue=https://www.google.com/search?source%3Dhp%26ei%3DSSA0YNfCIoXFxgOAnJ_oDQ%26iflsig%3DAINFCbYAAAAAYDQuWWGLgJimgXSJFQPkzYRvQL5tySHu%26q%3DBrighton%2Bv%2BCrystal%2BPalace:%2BPremier%2BLeague%2B%25E2%2580%2593%2Blive!&amp;amp;if=1&amp;amp;m=0&amp;amp;pc=s&amp;amp;wp=-1&amp;amp;gl=GB&quot;&gt;&lt;/iframe&gt;&#10;  (Session info: chrome=88.0.4324.182)&#10;Build info: version: &apos;3.141.59&apos;, revision: &apos;e82be7d358&apos;, time: &apos;2018-11-14T08:17:03&apos;&#10;System info: host: &apos;DESKTOP-8VPDQ9U&apos;, ip: &apos;192.168.0.22&apos;, os.name: &apos;Windows 10&apos;, os.arch: &apos;amd64&apos;, os.version: &apos;10.0&apos;, java.version: &apos;1.8.0_241&apos;&#10;Driver info: org.openqa.selenium.chrome.ChromeDriver&#10;Capabilities {acceptInsecureCerts: false, browserName: chrome, browserVersion: 88.0.4324.182, chrome: {chromedriverVersion: 87.0.4280.88 (89e2380a3e36c..., userDataDir: C:\Users\ganes\AppData\Loca...}, goog:chromeOptions: {debuggerAddress: localhost:63326}, javascriptEnabled: true, networkConnectionEnabled: false, pageLoadStrategy: normal, platform: WINDOWS, platformName: WINDOWS, proxy: Proxy(), setWindowRect: true, strictFileInteractability: false, timeouts: {implicit: 0, pageLoad: 300000, script: 30000}, unhandledPromptBehavior: dismiss and notify, webauthn:virtualAuthenticators: true}&#10;Session ID: 1b418a035ccdc6cc1621981e8c86d1cb" type="org.openqa.selenium.ElementClickInterceptedException"><![CDATA[org.openqa.selenium.ElementClickInterceptedException: 
element click intercepted: Element <a class="hide-focus-ring" href="/search?q=Brighton+v+Crystal+Palace:+Premier+League+%E2%80%93+live!&amp;source=lnms&amp;tbm=nws&amp;sa=X&amp;ved=2ahUKEwiD4-yNtv7uAhXwUhUIHYF2DysQ_AUoAXoECAYQAw">...</a> is not clickable at point (266, 97). Other element would receive the click: <iframe src="https://consent.google.com?hl=en-GB&amp;origin=https://www.google.com&amp;continue=https://www.google.com/search?source%3Dhp%26ei%3DSSA0YNfCIoXFxgOAnJ_oDQ%26iflsig%3DAINFCbYAAAAAYDQuWWGLgJimgXSJFQPkzYRvQL5tySHu%26q%3DBrighton%2Bv%2BCrystal%2BPalace:%2BPremier%2BLeague%2B%25E2%2580%2593%2Blive!&amp;if=1&amp;m=0&amp;pc=s&amp;wp=-1&amp;gl=GB"></iframe>
  (Session info: chrome=88.0.4324.182)
Build info: version: '3.141.59', revision: 'e82be7d358', time: '2018-11-14T08:17:03'
System info: host: 'DESKTOP-8VPDQ9U', ip: '192.168.0.22', os.name: 'Windows 10', os.arch: 'amd64', os.version: '10.0', java.version: '1.8.0_241'
Driver info: org.openqa.selenium.chrome.ChromeDriver
Capabilities {acceptInsecureCerts: false, browserName: chrome, browserVersion: 88.0.4324.182, chrome: {chromedriverVersion: 87.0.4280.88 (89e2380a3e36c..., userDataDir: C:\Users\ganes\AppData\Loca...}, goog:chromeOptions: {debuggerAddress: localhost:63326}, javascriptEnabled: true, networkConnectionEnabled: false, pageLoadStrategy: normal, platform: WINDOWS, platformName: WINDOWS, proxy: Proxy(), setWindowRect: true, strictFileInteractability: false, timeouts: {implicit: 0, pageLoad: 300000, script: 30000}, unhandledPromptBehavior: dismiss and notify, webauthn:virtualAuthenticators: true}
Session ID: 1b418a035ccdc6cc1621981e8c86d1cb
]]></error>
    <system-out><![CDATA[
@News
Scenario Outline: Validation of the First article from Guardian against other source # src/test/java/Features/Guardian.feature:17
  Given user launches  Guardian website                                              # StepDefinitions.stepdefinitions.user_launches_guardian_website()
Brighton v Crystal Palace: Premier League – live!
  And user reads the First Article on the page                                       # StepDefinitions.stepdefinitions.user_reads_the_first_article_on_the_page()
  When user navigates to "https:www.google.com"                                      # StepDefinitions.stepdefinitions.user_navigates_to(java.lang.String)
      org.openqa.selenium.ElementClickInterceptedException: element click intercepted: Element <a class="hide-focus-ring" href="/search?q=Brighton+v+Crystal+Palace:+Premier+League+%E2%80%93+live!&amp;source=lnms&amp;tbm=nws&amp;sa=X&amp;ved=2ahUKEwiD4-yNtv7uAhXwUhUIHYF2DysQ_AUoAXoECAYQAw">...</a> is not clickable at point (266, 97). Other element would receive the click: <iframe src="https://consent.google.com?hl=en-GB&amp;origin=https://www.google.com&amp;continue=https://www.google.com/search?source%3Dhp%26ei%3DSSA0YNfCIoXFxgOAnJ_oDQ%26iflsig%3DAINFCbYAAAAAYDQuWWGLgJimgXSJFQPkzYRvQL5tySHu%26q%3DBrighton%2Bv%2BCrystal%2BPalace:%2BPremier%2BLeague%2B%25E2%2580%2593%2Blive!&amp;if=1&amp;m=0&amp;pc=s&amp;wp=-1&amp;gl=GB"></iframe>
  (Session info: chrome=88.0.4324.182)
Build info: version: '3.141.59', revision: 'e82be7d358', time: '2018-11-14T08:17:03'
System info: host: 'DESKTOP-8VPDQ9U', ip: '192.168.0.22', os.name: 'Windows 10', os.arch: 'amd64', os.version: '10.0', java.version: '1.8.0_241'
Driver info: org.openqa.selenium.chrome.ChromeDriver
Capabilities {acceptInsecureCerts: false, browserName: chrome, browserVersion: 88.0.4324.182, chrome: {chromedriverVersion: 87.0.4280.88 (89e2380a3e36c..., userDataDir: C:\Users\ganes\AppData\Loca...}, goog:chromeOptions: {debuggerAddress: localhost:63326}, javascriptEnabled: true, networkConnectionEnabled: false, pageLoadStrategy: normal, platform: WINDOWS, platformName: WINDOWS, proxy: Proxy(), setWindowRect: true, strictFileInteractability: false, timeouts: {implicit: 0, pageLoad: 300000, script: 30000}, unhandledPromptBehavior: dismiss and notify, webauthn:virtualAuthenticators: true}
Session ID: 1b418a035ccdc6cc1621981e8c86d1cb
	at sun.reflect.NativeConstructorAccessorImpl.newInstance0(Native Method)
	at sun.reflect.NativeConstructorAccessorImpl.newInstance(NativeConstructorAccessorImpl.java:62)
	at sun.reflect.DelegatingConstructorAccessorImpl.newInstance(DelegatingConstructorAccessorImpl.java:45)
	at java.lang.reflect.Constructor.newInstance(Constructor.java:423)
	at org.openqa.selenium.remote.http.W3CHttpResponseCodec.createException(W3CHttpResponseCodec.java:187)
	at org.openqa.selenium.remote.http.W3CHttpResponseCodec.decode(W3CHttpResponseCodec.java:122)
	at org.openqa.selenium.remote.http.W3CHttpResponseCodec.decode(W3CHttpResponseCodec.java:49)
	at org.openqa.selenium.remote.HttpCommandExecutor.execute(HttpCommandExecutor.java:158)
	at org.openqa.selenium.remote.service.DriverCommandExecutor.execute(DriverCommandExecutor.java:83)
	at org.openqa.selenium.remote.RemoteWebDriver.execute(RemoteWebDriver.java:552)
	at org.openqa.selenium.remote.RemoteWebElement.execute(RemoteWebElement.java:285)
	at org.openqa.selenium.remote.RemoteWebElement.click(RemoteWebElement.java:84)
	at StepDefinitions.stepdefinitions.user_navigates_to(stepdefinitions.java:54)
	at âœ½.user navigates to "https:www.google.com"(file:///C:/Users/ganes/eclipse-workspace/CtsGuardian/src/test/java/Features/Guardian.feature:12)

  Then the user validates the article in other source                                # StepDefinitions.stepdefinitions.the_user_validates_the_article_in_other_source()
]]></system-out>
    <system-err><![CDATA[Starting ChromeDriver 87.0.4280.88 (89e2380a3e36c3464b5dd1302349b1382549290d-refs/branch-heads/4280@{#1761}) on port 42910
Only local connections are allowed.
Please see https://chromedriver.chromium.org/security-considerations for suggestions on keeping ChromeDriver safe.
ChromeDriver was started successfully.
[1614028868.920][WARNING]: This version of ChromeDriver has not been tested with Chrome version 88.
Feb 22, 2021 9:21:10 PM org.openqa.selenium.remote.ProtocolHandshake createSession
INFO: Detected dialect: W3C
]]></system-err>
  </testcase>
</testsuite>